# JRE version: Java(TM) SE Runtime Environment 18.9 (11.0.16.1+1) (build 11.0.16.1+1-LTS-1)
# Java VM: Java HotSpot(TM) 64-Bit Server VM 18.9 (11.0.16.1+1-LTS-1, mixed mode, tiered, compressed oops, g1 gc, windows-amd64)
Heap:
 garbage-first heap   total 122880K, used 32438K [0x0000000089200000, 0x0000000100000000)
  region size 1024K, 22 young (22528K), 6 survivors (6144K)
 Metaspace       used 34784K, capacity 35651K, committed 35712K, reserved 1081344K
  class space    used 4119K, capacity 4465K, committed 4480K, reserved 1048576K
GC Heap History (8 events):
Event: 0.859 GC heap before
{Heap before GC invocations=0 (full 0):
 garbage-first heap   total 122880K, used 21504K [0x0000000089200000, 0x0000000100000000)
  region size 1024K, 22 young (22528K), 0 survivors (0K)
 Metaspace       used 12689K, capacity 12973K, committed 13184K, reserved 1060864K
  class space    used 1254K, capacity 1351K, committed 1408K, reserved 1048576K
}
Event: 0.865 GC heap after
{Heap after GC invocations=1 (full 0):
 garbage-first heap   total 122880K, used 6782K [0x0000000089200000, 0x0000000100000000)
  region size 1024K, 3 young (3072K), 3 survivors (3072K)
 Metaspace       used 12689K, capacity 12973K, committed 13184K, reserved 1060864K
  class space    used 1254K, capacity 1351K, committed 1408K, reserved 1048576K
}
Event: 1.047 GC heap before
{Heap before GC invocations=1 (full 0):
 garbage-first heap   total 122880K, used 25214K [0x0000000089200000, 0x0000000100000000)
  region size 1024K, 21 young (21504K), 3 survivors (3072K)
 Metaspace       used 14181K, capacity 14478K, committed 14720K, reserved 1062912K
  class space    used 1465K, capacity 1555K, committed 1664K, reserved 1048576K
}
Event: 1.051 GC heap after
{Heap after GC invocations=2 (full 0):
 garbage-first heap   total 122880K, used 7118K [0x0000000089200000, 0x0000000100000000)
  region size 1024K, 1 young (1024K), 1 survivors (1024K)
 Metaspace       used 14181K, capacity 14478K, committed 14720K, reserved 1062912K
  class space    used 1465K, capacity 1555K, committed 1664K, reserved 1048576K
}
Event: 1.535 GC heap before
{Heap before GC invocations=2 (full 0):
 garbage-first heap   total 122880K, used 39886K [0x0000000089200000, 0x0000000100000000)
  region size 1024K, 34 young (34816K), 1 survivors (1024K)
 Metaspace       used 20815K, capacity 21203K, committed 21296K, reserved 1069056K
  class space    used 2268K, capacity 2421K, committed 2432K, reserved 1048576K
}
Event: 1.540 GC heap after
{Heap after GC invocations=3 (full 0):
 garbage-first heap   total 122880K, used 9373K [0x0000000089200000, 0x0000000100000000)
  region size 1024K, 3 young (3072K), 3 survivors (3072K)
 Metaspace       used 20815K, capacity 21203K, committed 21296K, reserved 1069056K
  class space    used 2268K, capacity 2421K, committed 2432K, reserved 1048576K
}
Event: 3.047 GC heap before
{Heap before GC invocations=4 (full 0):
 garbage-first heap   total 122880K, used 66717K [0x0000000089200000, 0x0000000100000000)
  region size 1024K, 59 young (60416K), 3 survivors (3072K)
 Metaspace       used 32529K, capacity 33342K, committed 33664K, reserved 1079296K
  class space    used 3801K, capacity 4145K, committed 4224K, reserved 1048576K
}
Event: 3.056 GC heap after
{Heap after GC invocations=5 (full 0):
 garbage-first heap   total 122880K, used 12982K [0x0000000089200000, 0x0000000100000000)
  region size 1024K, 6 young (6144K), 6 survivors (6144K)
 Metaspace       used 32529K, capacity 33342K, committed 33664K, reserved 1079296K
  class space    used 3801K, capacity 4145K, committed 4224K, reserved 1048576K
}

