# JRE version: Java(TM) SE Runtime Environment 18.9 (11.0.16.1+1) (build 11.0.16.1+1-LTS-1)
# Java VM: Java HotSpot(TM) 64-Bit Server VM 18.9 (11.0.16.1+1-LTS-1, mixed mode, tiered, compressed oops, g1 gc, windows-amd64)
Heap:
 garbage-first heap   total 122880K, used 26438K [0x0000000089200000, 0x0000000100000000)
  region size 1024K, 13 young (13312K), 5 survivors (5120K)
 Metaspace       used 35912K, capacity 36734K, committed 36944K, reserved 1081344K
  class space    used 4252K, capacity 4595K, committed 4684K, reserved 1048576K
GC Heap History (10 events):
Event: 0.872 GC heap before
{Heap before GC invocations=0 (full 0):
 garbage-first heap   total 122880K, used 21504K [0x0000000089200000, 0x0000000100000000)
  region size 1024K, 22 young (22528K), 0 survivors (0K)
 Metaspace       used 13803K, capacity 14085K, committed 14208K, reserved 1062912K
  class space    used 1323K, capacity 1384K, committed 1408K, reserved 1048576K
}
Event: 0.879 GC heap after
{Heap after GC invocations=1 (full 0):
 garbage-first heap   total 122880K, used 7357K [0x0000000089200000, 0x0000000100000000)
  region size 1024K, 3 young (3072K), 3 survivors (3072K)
 Metaspace       used 13803K, capacity 14085K, committed 14208K, reserved 1062912K
  class space    used 1323K, capacity 1384K, committed 1408K, reserved 1048576K
}
Event: 1.084 GC heap before
{Heap before GC invocations=1 (full 0):
 garbage-first heap   total 122880K, used 26813K [0x0000000089200000, 0x0000000100000000)
  region size 1024K, 22 young (22528K), 3 survivors (3072K)
 Metaspace       used 15465K, capacity 15810K, committed 16128K, reserved 1062912K
  class space    used 1568K, capacity 1690K, committed 1792K, reserved 1048576K
}
Event: 1.089 GC heap after
{Heap after GC invocations=2 (full 0):
 garbage-first heap   total 122880K, used 8133K [0x0000000089200000, 0x0000000100000000)
  region size 1024K, 1 young (1024K), 1 survivors (1024K)
 Metaspace       used 15465K, capacity 15810K, committed 16128K, reserved 1062912K
  class space    used 1568K, capacity 1690K, committed 1792K, reserved 1048576K
}
Event: 1.575 GC heap before
{Heap before GC invocations=2 (full 0):
 garbage-first heap   total 122880K, used 43973K [0x0000000089200000, 0x0000000100000000)
  region size 1024K, 37 young (37888K), 1 survivors (1024K)
 Metaspace       used 20821K, capacity 21203K, committed 21296K, reserved 1069056K
  class space    used 2270K, capacity 2422K, committed 2432K, reserved 1048576K
}
Event: 1.578 GC heap after
{Heap after GC invocations=3 (full 0):
 garbage-first heap   total 122880K, used 9323K [0x0000000089200000, 0x0000000100000000)
  region size 1024K, 2 young (2048K), 2 survivors (2048K)
 Metaspace       used 20821K, capacity 21203K, committed 21296K, reserved 1069056K
  class space    used 2270K, capacity 2422K, committed 2432K, reserved 1048576K
}
Event: 3.523 GC heap before
{Heap before GC invocations=4 (full 0):
 garbage-first heap   total 122880K, used 64619K [0x0000000089200000, 0x0000000100000000)
  region size 1024K, 56 young (57344K), 2 survivors (2048K)
 Metaspace       used 31646K, capacity 32392K, committed 32508K, reserved 1077248K
  class space    used 3632K, capacity 3903K, committed 3916K, reserved 1048576K
}
Event: 3.531 GC heap after
{Heap after GC invocations=5 (full 0):
 garbage-first heap   total 122880K, used 13121K [0x0000000089200000, 0x0000000100000000)
  region size 1024K, 6 young (6144K), 6 survivors (6144K)
 Metaspace       used 31646K, capacity 32392K, committed 32508K, reserved 1077248K
  class space    used 3632K, capacity 3903K, committed 3916K, reserved 1048576K
}
Event: 7.167 GC heap before
{Heap before GC invocations=5 (full 0):
 garbage-first heap   total 122880K, used 38721K [0x0000000089200000, 0x0000000100000000)
  region size 1024K, 27 young (27648K), 6 survivors (6144K)
 Metaspace       used 35089K, capacity 35873K, committed 36048K, reserved 1081344K
  class space    used 4123K, capacity 4456K, committed 4556K, reserved 1048576K
}
Event: 7.174 GC heap after
{Heap after GC invocations=6 (full 0):
 garbage-first heap   total 122880K, used 19270K [0x0000000089200000, 0x0000000100000000)
  region size 1024K, 5 young (5120K), 5 survivors (5120K)
 Metaspace       used 35089K, capacity 35873K, committed 36048K, reserved 1081344K
  class space    used 4123K, capacity 4456K, committed 4556K, reserved 1048576K
}

