# JRE version: Java(TM) SE Runtime Environment 18.9 (11.0.16.1+1) (build 11.0.16.1+1-LTS-1)
# Java VM: Java HotSpot(TM) 64-Bit Server VM 18.9 (11.0.16.1+1-LTS-1, mixed mode, tiered, compressed oops, g1 gc, windows-amd64)
Heap:
 garbage-first heap   total 122880K, used 86033K [0x0000000089200000, 0x0000000100000000)
  region size 1024K, 50 young (51200K), 5 survivors (5120K)
 Metaspace       used 47321K, capacity 48421K, committed 48592K, reserved 1091584K
  class space    used 5403K, capacity 5881K, committed 5920K, reserved 1048576K
GC Heap History (10 events):
Event: 25.127 GC heap before
{Heap before GC invocations=13 (full 0):
 garbage-first heap   total 122880K, used 100507K [0x0000000089200000, 0x0000000100000000)
  region size 1024K, 68 young (69632K), 4 survivors (4096K)
 Metaspace       used 46726K, capacity 47793K, committed 48080K, reserved 1091584K
  class space    used 5394K, capacity 5866K, committed 5920K, reserved 1048576K
}
Event: 25.132 GC heap after
{Heap after GC invocations=14 (full 0):
 garbage-first heap   total 122880K, used 34971K [0x0000000089200000, 0x0000000100000000)
  region size 1024K, 4 young (4096K), 4 survivors (4096K)
 Metaspace       used 46726K, capacity 47793K, committed 48080K, reserved 1091584K
  class space    used 5394K, capacity 5866K, committed 5920K, reserved 1048576K
}
Event: 42.724 GC heap before
{Heap before GC invocations=14 (full 0):
 garbage-first heap   total 122880K, used 106651K [0x0000000089200000, 0x0000000100000000)
  region size 1024K, 69 young (70656K), 4 survivors (4096K)
 Metaspace       used 47035K, capacity 48136K, committed 48336K, reserved 1091584K
  class space    used 5398K, capacity 5873K, committed 5920K, reserved 1048576K
}
Event: 42.730 GC heap after
{Heap after GC invocations=15 (full 0):
 garbage-first heap   total 122880K, used 40865K [0x0000000089200000, 0x0000000100000000)
  region size 1024K, 5 young (5120K), 5 survivors (5120K)
 Metaspace       used 47035K, capacity 48136K, committed 48336K, reserved 1091584K
  class space    used 5398K, capacity 5873K, committed 5920K, reserved 1048576K
}
Event: 43.045 GC heap before
{Heap before GC invocations=15 (full 0):
 garbage-first heap   total 122880K, used 102305K [0x0000000089200000, 0x0000000100000000)
  region size 1024K, 65 young (66560K), 5 survivors (5120K)
 Metaspace       used 47048K, capacity 48201K, committed 48336K, reserved 1091584K
  class space    used 5398K, capacity 5873K, committed 5920K, reserved 1048576K
}
Event: 43.051 GC heap after
{Heap after GC invocations=16 (full 0):
 garbage-first heap   total 122880K, used 40956K [0x0000000089200000, 0x0000000100000000)
  region size 1024K, 5 young (5120K), 5 survivors (5120K)
 Metaspace       used 47048K, capacity 48201K, committed 48336K, reserved 1091584K
  class space    used 5398K, capacity 5873K, committed 5920K, reserved 1048576K
}
Event: 46.455 GC heap before
{Heap before GC invocations=16 (full 0):
 garbage-first heap   total 122880K, used 103420K [0x0000000089200000, 0x0000000100000000)
  region size 1024K, 66 young (67584K), 5 survivors (5120K)
 Metaspace       used 47223K, capacity 48355K, committed 48592K, reserved 1091584K
  class space    used 5402K, capacity 5881K, committed 5920K, reserved 1048576K
}
Event: 46.460 GC heap after
{Heap after GC invocations=17 (full 0):
 garbage-first heap   total 122880K, used 40971K [0x0000000089200000, 0x0000000100000000)
  region size 1024K, 5 young (5120K), 5 survivors (5120K)
 Metaspace       used 47223K, capacity 48355K, committed 48592K, reserved 1091584K
  class space    used 5402K, capacity 5881K, committed 5920K, reserved 1048576K
}
Event: 46.833 GC heap before
{Heap before GC invocations=17 (full 0):
 garbage-first heap   total 122880K, used 103435K [0x0000000089200000, 0x0000000100000000)
  region size 1024K, 66 young (67584K), 5 survivors (5120K)
 Metaspace       used 47300K, capacity 48421K, committed 48592K, reserved 1091584K
  class space    used 5402K, capacity 5881K, committed 5920K, reserved 1048576K
}
Event: 46.838 GC heap after
{Heap after GC invocations=18 (full 0):
 garbage-first heap   total 122880K, used 40977K [0x0000000089200000, 0x0000000100000000)
  region size 1024K, 5 young (5120K), 5 survivors (5120K)
 Metaspace       used 47300K, capacity 48421K, committed 48592K, reserved 1091584K
  class space    used 5402K, capacity 5881K, committed 5920K, reserved 1048576K
}

