# JRE version: Java(TM) SE Runtime Environment 18.9 (11.0.16.1+1) (build 11.0.16.1+1-LTS-1)
# Java VM: Java HotSpot(TM) 64-Bit Server VM 18.9 (11.0.16.1+1-LTS-1, mixed mode, tiered, compressed oops, g1 gc, windows-amd64)
Heap:
 garbage-first heap   total 122880K, used 54579K [0x0000000089200000, 0x0000000100000000)
  region size 1024K, 27 young (27648K), 5 survivors (5120K)
 Metaspace       used 46902K, capacity 47997K, committed 48048K, reserved 1091584K
  class space    used 5419K, capacity 5882K, committed 5888K, reserved 1048576K
GC Heap History (10 events):
Event: 14.459 GC heap before
{Heap before GC invocations=5 (full 0):
 garbage-first heap   total 122880K, used 38558K [0x0000000089200000, 0x0000000100000000)
  region size 1024K, 27 young (27648K), 6 survivors (6144K)
 Metaspace       used 35064K, capacity 35849K, committed 35888K, reserved 1081344K
  class space    used 4114K, capacity 4448K, committed 4480K, reserved 1048576K
}
Event: 14.467 GC heap after
{Heap after GC invocations=6 (full 0):
 garbage-first heap   total 122880K, used 19089K [0x0000000089200000, 0x0000000100000000)
  region size 1024K, 5 young (5120K), 5 survivors (5120K)
 Metaspace       used 35064K, capacity 35849K, committed 35888K, reserved 1081344K
  class space    used 4114K, capacity 4448K, committed 4480K, reserved 1048576K
}
Event: 36.805 GC heap before
{Heap before GC invocations=7 (full 0):
 garbage-first heap   total 122880K, used 77457K [0x0000000089200000, 0x0000000100000000)
  region size 1024K, 62 young (63488K), 5 survivors (5120K)
 Metaspace       used 40182K, capacity 41182K, committed 41264K, reserved 1085440K
  class space    used 4731K, capacity 5173K, committed 5248K, reserved 1048576K
}
Event: 36.814 GC heap after
{Heap after GC invocations=8 (full 0):
 garbage-first heap   total 122880K, used 20797K [0x0000000089200000, 0x0000000100000000)
  region size 1024K, 3 young (3072K), 3 survivors (3072K)
 Metaspace       used 40182K, capacity 41182K, committed 41264K, reserved 1085440K
  class space    used 4731K, capacity 5173K, committed 5248K, reserved 1048576K
}
Event: 37.314 GC heap before
{Heap before GC invocations=8 (full 0):
 garbage-first heap   total 122880K, used 83261K [0x0000000089200000, 0x0000000100000000)
  region size 1024K, 64 young (65536K), 3 survivors (3072K)
 Metaspace       used 43139K, capacity 44232K, committed 44464K, reserved 1087488K
  class space    used 5089K, capacity 5535K, committed 5632K, reserved 1048576K
}
Event: 37.320 GC heap after
{Heap after GC invocations=9 (full 0):
 garbage-first heap   total 122880K, used 22270K [0x0000000089200000, 0x0000000100000000)
  region size 1024K, 5 young (5120K), 5 survivors (5120K)
 Metaspace       used 43139K, capacity 44232K, committed 44464K, reserved 1087488K
  class space    used 5089K, capacity 5535K, committed 5632K, reserved 1048576K
}
Event: 37.872 GC heap before
{Heap before GC invocations=9 (full 0):
 garbage-first heap   total 122880K, used 87806K [0x0000000089200000, 0x0000000100000000)
  region size 1024K, 69 young (70656K), 5 survivors (5120K)
 Metaspace       used 43923K, capacity 45021K, committed 45232K, reserved 1089536K
  class space    used 5103K, capacity 5559K, committed 5632K, reserved 1048576K
}
Event: 37.878 GC heap after
{Heap after GC invocations=10 (full 0):
 garbage-first heap   total 122880K, used 22346K [0x0000000089200000, 0x0000000100000000)
  region size 1024K, 5 young (5120K), 5 survivors (5120K)
 Metaspace       used 43923K, capacity 45021K, committed 45232K, reserved 1089536K
  class space    used 5103K, capacity 5559K, committed 5632K, reserved 1048576K
}
Event: 44.241 GC heap before
{Heap before GC invocations=10 (full 0):
 garbage-first heap   total 122880K, used 90954K [0x0000000089200000, 0x0000000100000000)
  region size 1024K, 72 young (73728K), 5 survivors (5120K)
 Metaspace       used 46119K, capacity 47255K, committed 47536K, reserved 1091584K
  class space    used 5368K, capacity 5809K, committed 5888K, reserved 1048576K
}
Event: 44.247 GC heap after
{Heap after GC invocations=11 (full 0):
 garbage-first heap   total 122880K, used 22835K [0x0000000089200000, 0x0000000100000000)
  region size 1024K, 5 young (5120K), 5 survivors (5120K)
 Metaspace       used 46119K, capacity 47255K, committed 47536K, reserved 1091584K
  class space    used 5368K, capacity 5809K, committed 5888K, reserved 1048576K
}

