# JRE version: Java(TM) SE Runtime Environment 18.9 (11.0.16.1+1) (build 11.0.16.1+1-LTS-1)
# Java VM: Java HotSpot(TM) 64-Bit Server VM 18.9 (11.0.16.1+1-LTS-1, mixed mode, tiered, compressed oops, g1 gc, windows-amd64)
Heap:
 garbage-first heap   total 122880K, used 28781K [0x0000000089200000, 0x0000000100000000)
  region size 1024K, 15 young (15360K), 5 survivors (5120K)
 Metaspace       used 35814K, capacity 36651K, committed 36860K, reserved 1081344K
  class space    used 4251K, capacity 4602K, committed 4608K, reserved 1048576K
GC Heap History (8 events):
Event: 2.021 GC heap before
{Heap before GC invocations=0 (full 0):
 garbage-first heap   total 122880K, used 21504K [0x0000000089200000, 0x0000000100000000)
  region size 1024K, 22 young (22528K), 0 survivors (0K)
 Metaspace       used 12777K, capacity 13056K, committed 13184K, reserved 1060864K
  class space    used 1248K, capacity 1314K, committed 1408K, reserved 1048576K
}
Event: 2.026 GC heap after
{Heap after GC invocations=1 (full 0):
 garbage-first heap   total 122880K, used 7176K [0x0000000089200000, 0x0000000100000000)
  region size 1024K, 3 young (3072K), 3 survivors (3072K)
 Metaspace       used 12777K, capacity 13056K, committed 13184K, reserved 1060864K
  class space    used 1248K, capacity 1314K, committed 1408K, reserved 1048576K
}
Event: 2.773 GC heap before
{Heap before GC invocations=1 (full 0):
 garbage-first heap   total 122880K, used 62472K [0x0000000089200000, 0x0000000100000000)
  region size 1024K, 58 young (59392K), 3 survivors (3072K)
 Metaspace       used 20735K, capacity 21142K, committed 21296K, reserved 1069056K
  class space    used 2275K, capacity 2416K, committed 2432K, reserved 1048576K
}
Event: 2.779 GC heap after
{Heap after GC invocations=2 (full 0):
 garbage-first heap   total 122880K, used 9349K [0x0000000089200000, 0x0000000100000000)
  region size 1024K, 6 young (6144K), 6 survivors (6144K)
 Metaspace       used 20735K, capacity 21142K, committed 21296K, reserved 1069056K
  class space    used 2275K, capacity 2416K, committed 2432K, reserved 1048576K
}
Event: 7.808 GC heap before
{Heap before GC invocations=3 (full 0):
 garbage-first heap   total 122880K, used 64645K [0x0000000089200000, 0x0000000100000000)
  region size 1024K, 60 young (61440K), 6 survivors (6144K)
 Metaspace       used 32346K, capacity 33095K, committed 33200K, reserved 1079296K
  class space    used 3763K, capacity 4058K, committed 4096K, reserved 1048576K
}
Event: 7.820 GC heap after
{Heap after GC invocations=4 (full 0):
 garbage-first heap   total 122880K, used 13181K [0x0000000089200000, 0x0000000100000000)
  region size 1024K, 6 young (6144K), 6 survivors (6144K)
 Metaspace       used 32346K, capacity 33095K, committed 33200K, reserved 1079296K
  class space    used 3763K, capacity 4058K, committed 4096K, reserved 1048576K
}
Event: 12.922 GC heap before
{Heap before GC invocations=4 (full 0):
 garbage-first heap   total 122880K, used 34685K [0x0000000089200000, 0x0000000100000000)
  region size 1024K, 23 young (23552K), 6 survivors (6144K)
 Metaspace       used 34838K, capacity 35602K, committed 35708K, reserved 1081344K
  class space    used 4126K, capacity 4446K, committed 4480K, reserved 1048576K
}
Event: 12.930 GC heap after
{Heap after GC invocations=5 (full 0):
 garbage-first heap   total 122880K, used 19565K [0x0000000089200000, 0x0000000100000000)
  region size 1024K, 5 young (5120K), 5 survivors (5120K)
 Metaspace       used 34838K, capacity 35602K, committed 35708K, reserved 1081344K
  class space    used 4126K, capacity 4446K, committed 4480K, reserved 1048576K
}

